Application/app/build/intermediates/manifest_merge_blame_file/debug/manifest-merger-blame-debug-report.txt
1<?xml version="1.0" encoding="utf-8"?>
2<manifest xmlns:android="http://schemas.android.com/apk/res/android"
3    package="com.example.healthproject_beta"
4    android:versionCode="1"
5    android:versionName="1.0" >
6
7    <uses-sdk
8        android:minSdkVersion="20"
8-->src\main\AndroidManifest.xml
9        android:targetSdkVersion="29" />
9-->src\main\AndroidManifest.xml
10
11    <uses-permission android:name="android.permission.INTERNET" />
11-->src\main\AndroidManifest.xml:5:5-67
11-->src\main\AndroidManifest.xml:5:22-64
12
13    <uses-feature
13-->src\main\AndroidManifest.xml:7:5-9:34
14        android:name="android.hardware.sensor.stepcounter"
14-->src\main\AndroidManifest.xml:8:9-59
15        android:required="true" />
15-->src\main\AndroidManifest.xml:9:9-32
16
17    <uses-permission android:name="android.permission.RECEIVE_BOOT_COMPLETED" />
17-->src\main\AndroidManifest.xml:11:5-81
17-->src\main\AndroidManifest.xml:11:22-78
18    <uses-permission android:name="android.permission.ACCESS_NETWORK_STATE" />
18-->[com.firebaseui:firebase-ui-auth:6.2.0] AndroidManifest.xml:12:5-79
18-->[com.firebaseui:firebase-ui-auth:6.2.0] AndroidManifest.xml:12:22-76
19    <uses-permission android:name="android.permission.WAKE_LOCK" /> <!-- Required by older versions of Google Play services to create IID tokens -->
19-->[com.google.android.gms:play-services-measurement-api:17.2.3] AndroidManifest.xml:24:5-68
19-->[com.google.android.gms:play-services-measurement-api:17.2.3] AndroidManifest.xml:24:22-65
20    <uses-permission android:name="com.google.android.c2dm.permission.RECEIVE" />
20-->[com.google.firebase:firebase-iid:20.0.2] AndroidManifest.xml:26:5-82
20-->[com.google.firebase:firebase-iid:20.0.2] AndroidManifest.xml:26:22-79
21    <uses-permission android:name="com.google.android.finsky.permission.BIND_GET_INSTALL_REFERRER_SERVICE" />
21-->[com.google.android.gms:play-services-measurement:17.2.3] AndroidManifest.xml:26:5-110
21-->[com.google.android.gms:play-services-measurement:17.2.3] AndroidManifest.xml:26:22-107
22
23    <application
23-->src\main\AndroidManifest.xml:13:5-38:19
24        android:name="androidx.multidex.MultiDexApplication"
25        android:allowBackup="true"
25-->src\main\AndroidManifest.xml:14:9-35
26        android:appComponentFactory="androidx.core.app.CoreComponentFactory"
26-->[androidx.core:core:1.1.0] AndroidManifest.xml:24:18-86
27        android:debuggable="true"
28        android:hardwareAccelerated="true"
28-->src\main\AndroidManifest.xml:15:9-43
29        android:icon="@mipmap/ic_launcher"
29-->src\main\AndroidManifest.xml:16:9-43
30        android:label="@string/app_name"
30-->src\main\AndroidManifest.xml:17:9-41
31        android:roundIcon="@mipmap/ic_launcher_round"
31-->src\main\AndroidManifest.xml:18:9-54
32        android:supportsRtl="true"
32-->src\main\AndroidManifest.xml:19:9-35
33        android:testOnly="true"
34        android:theme="@style/AppTheme"
34-->src\main\AndroidManifest.xml:20:9-40
35        android:usesCleartextTraffic="true" >
35-->src\main\AndroidManifest.xml:21:9-44
36        <activity
36-->src\main\AndroidManifest.xml:24:9-32:20
37            android:name="com.example.healthproject.Activity.LoginActivity"
37-->src\main\AndroidManifest.xml:25:13-51
38            android:label="@string/app_name" >
38-->src\main\AndroidManifest.xml:26:13-45
39            <intent-filter>
39-->src\main\AndroidManifest.xml:27:13-31:29
40                <action android:name="android.intent.action.MAIN" />
40-->src\main\AndroidManifest.xml:28:17-69
40-->src\main\AndroidManifest.xml:28:25-66
41
42                <category android:name="android.intent.category.LAUNCHER" />
42-->src\main\AndroidManifest.xml:30:17-77
42-->src\main\AndroidManifest.xml:30:27-74
43            </intent-filter>
44        </activity>
45        <activity android:name="com.example.healthproject.Activity.ForgotActivity" />
45-->src\main\AndroidManifest.xml:33:9-61
45-->src\main\AndroidManifest.xml:33:19-58
46        <activity android:name="com.example.healthproject.Activity.RegisterActivity" />
46-->src\main\AndroidManifest.xml:34:9-63
46-->src\main\AndroidManifest.xml:34:19-60
47        <activity android:name="com.example.healthproject.Activity.MainActivity" />
47-->src\main\AndroidManifest.xml:35:9-59
47-->src\main\AndroidManifest.xml:35:19-56
48        <activity android:name="com.example.healthproject.Activity.Navigation.UserNavigationActivity" />
48-->src\main\AndroidManifest.xml:36:9-80
48-->src\main\AndroidManifest.xml:36:19-77
49        <activity android:name="com.example.healthproject.Activity.Navigation.AdminNavigationActivity" />
49-->src\main\AndroidManifest.xml:37:9-81
49-->src\main\AndroidManifest.xml:37:19-78
50
51        <meta-data
51-->[com.firebaseui:firebase-ui-auth:6.2.0] AndroidManifest.xml:16:9-18:69
52            android:name="com.google.android.gms.version"
52-->[com.firebaseui:firebase-ui-auth:6.2.0] AndroidManifest.xml:17:13-58
53            android:value="@integer/google_play_services_version" />
53-->[com.firebaseui:firebase-ui-auth:6.2.0] AndroidManifest.xml:18:13-66
54        <meta-data
54-->[com.firebaseui:firebase-ui-auth:6.2.0] AndroidManifest.xml:19:9-21:63
55            android:name="com.facebook.sdk.ApplicationId"
55-->[com.firebaseui:firebase-ui-auth:6.2.0] AndroidManifest.xml:20:13-58
56            android:value="@string/facebook_application_id" />
56-->[com.firebaseui:firebase-ui-auth:6.2.0] AndroidManifest.xml:21:13-60
57
58        <activity
58-->[com.firebaseui:firebase-ui-auth:6.2.0] AndroidManifest.xml:23:9-27:61
59            android:name="com.firebase.ui.auth.KickoffActivity"
59-->[com.firebaseui:firebase-ui-auth:6.2.0] AndroidManifest.xml:24:13-64
60            android:exported="false"
60-->[com.firebaseui:firebase-ui-auth:6.2.0] AndroidManifest.xml:25:13-37
61            android:label=""
61-->[com.firebaseui:firebase-ui-auth:6.2.0] AndroidManifest.xml:26:13-29
62            android:theme="@style/FirebaseUI.Transparent" />
62-->[com.firebaseui:firebase-ui-auth:6.2.0] AndroidManifest.xml:27:13-58
63        <activity
63-->[com.firebaseui:firebase-ui-auth:6.2.0] AndroidManifest.xml:28:9-32:61
64            android:name="com.firebase.ui.auth.ui.idp.SingleSignInActivity"
64-->[com.firebaseui:firebase-ui-auth:6.2.0] AndroidManifest.xml:29:13-76
65            android:exported="false"
65-->[com.firebaseui:firebase-ui-auth:6.2.0] AndroidManifest.xml:30:13-37
66            android:label=""
66-->[com.firebaseui:firebase-ui-auth:6.2.0] AndroidManifest.xml:31:13-29
67            android:theme="@style/FirebaseUI.Transparent" />
67-->[com.firebaseui:firebase-ui-auth:6.2.0] AndroidManifest.xml:32:13-58
68        <activity
68-->[com.firebaseui:firebase-ui-auth:6.2.0] AndroidManifest.xml:33:9-37:61
69            android:name="com.firebase.ui.auth.ui.credentials.CredentialSaveActivity"
69-->[com.firebaseui:firebase-ui-auth:6.2.0] AndroidManifest.xml:34:13-86
70            android:exported="false"
70-->[com.firebaseui:firebase-ui-auth:6.2.0] AndroidManifest.xml:35:13-37
71            android:label=""
71-->[com.firebaseui:firebase-ui-auth:6.2.0] AndroidManifest.xml:36:13-29
72            android:theme="@style/FirebaseUI.Transparent" />
72-->[com.firebaseui:firebase-ui-auth:6.2.0] AndroidManifest.xml:37:13-58
73        <activity
73-->[com.firebaseui:firebase-ui-auth:6.2.0] AndroidManifest.xml:38:9-42:58
74            android:name="com.firebase.ui.auth.ui.email.RecoverPasswordActivity"
74-->[com.firebaseui:firebase-ui-auth:6.2.0] AndroidManifest.xml:39:13-81
75            android:exported="false"
75-->[com.firebaseui:firebase-ui-auth:6.2.0] AndroidManifest.xml:40:13-37
76            android:label="@string/fui_title_recover_password_activity"
76-->[com.firebaseui:firebase-ui-auth:6.2.0] AndroidManifest.xml:41:13-72
77            android:windowSoftInputMode="adjustResize" />
77-->[com.firebaseui:firebase-ui-auth:6.2.0] AndroidManifest.xml:42:13-55
78        <activity
78-->[com.firebaseui:firebase-ui-auth:6.2.0] AndroidManifest.xml:43:9-47:58
79            android:name="com.firebase.ui.auth.ui.email.EmailActivity"
79-->[com.firebaseui:firebase-ui-auth:6.2.0] AndroidManifest.xml:44:13-71
80            android:exported="false"
80-->[com.firebaseui:firebase-ui-auth:6.2.0] AndroidManifest.xml:45:13-37
81            android:label="@string/fui_sign_in_default"
81-->[com.firebaseui:firebase-ui-auth:6.2.0] AndroidManifest.xml:46:13-56
82            android:windowSoftInputMode="adjustResize" />
82-->[com.firebaseui:firebase-ui-auth:6.2.0] AndroidManifest.xml:47:13-55
83        <activity
83-->[com.firebaseui:firebase-ui-auth:6.2.0] AndroidManifest.xml:48:9-52:77
84            android:name="com.firebase.ui.auth.ui.phone.PhoneActivity"
84-->[com.firebaseui:firebase-ui-auth:6.2.0] AndroidManifest.xml:49:13-71
85            android:exported="false"
85-->[com.firebaseui:firebase-ui-auth:6.2.0] AndroidManifest.xml:50:13-37
86            android:label="@string/fui_sign_in_with_phone_number"
86-->[com.firebaseui:firebase-ui-auth:6.2.0] AndroidManifest.xml:51:13-66
87            android:windowSoftInputMode="adjustResize|stateAlwaysVisible" />
87-->[com.firebaseui:firebase-ui-auth:6.2.0] AndroidManifest.xml:52:13-74
88        <activity
88-->[com.firebaseui:firebase-ui-auth:6.2.0] AndroidManifest.xml:53:9-57:58
89            android:name="com.firebase.ui.auth.ui.idp.WelcomeBackIdpPrompt"
89-->[com.firebaseui:firebase-ui-auth:6.2.0] AndroidManifest.xml:54:13-76
90            android:exported="false"
90-->[com.firebaseui:firebase-ui-auth:6.2.0] AndroidManifest.xml:55:13-37
91            android:label="@string/fui_title_welcome_back_idp_prompt"
91-->[com.firebaseui:firebase-ui-auth:6.2.0] AndroidManifest.xml:56:13-70
92            android:windowSoftInputMode="adjustResize" />
92-->[com.firebaseui:firebase-ui-auth:6.2.0] AndroidManifest.xml:57:13-55
93        <activity
93-->[com.firebaseui:firebase-ui-auth:6.2.0] AndroidManifest.xml:58:9-62:58
94            android:name="com.firebase.ui.auth.ui.email.WelcomeBackPasswordPrompt"
94-->[com.firebaseui:firebase-ui-auth:6.2.0] AndroidManifest.xml:59:13-83
95            android:exported="false"
95-->[com.firebaseui:firebase-ui-auth:6.2.0] AndroidManifest.xml:60:13-37
96            android:label="@string/fui_title_welcome_back_password_prompt"
96-->[com.firebaseui:firebase-ui-auth:6.2.0] AndroidManifest.xml:61:13-75
97            android:windowSoftInputMode="adjustResize" />
97-->[com.firebaseui:firebase-ui-auth:6.2.0] AndroidManifest.xml:62:13-55
98        <activity
98-->[com.firebaseui:firebase-ui-auth:6.2.0] AndroidManifest.xml:63:9-67:58
99            android:name="com.firebase.ui.auth.ui.email.WelcomeBackEmailLinkPrompt"
99-->[com.firebaseui:firebase-ui-auth:6.2.0] AndroidManifest.xml:64:13-84
100            android:exported="false"
100-->[com.firebaseui:firebase-ui-auth:6.2.0] AndroidManifest.xml:65:13-37
101            android:label="@string/fui_title_welcome_back_password_prompt"
101-->[com.firebaseui:firebase-ui-auth:6.2.0] AndroidManifest.xml:66:13-75
102            android:windowSoftInputMode="adjustResize" />
102-->[com.firebaseui:firebase-ui-auth:6.2.0] AndroidManifest.xml:67:13-55
103        <activity
103-->[com.firebaseui:firebase-ui-auth:6.2.0] AndroidManifest.xml:68:9-73:58
104            android:name="com.firebase.ui.auth.ui.email.EmailLinkCatcherActivity"
104-->[com.firebaseui:firebase-ui-auth:6.2.0] AndroidManifest.xml:69:13-82
105            android:exported="false"
105-->[com.firebaseui:firebase-ui-auth:6.2.0] AndroidManifest.xml:70:13-37
106            android:label=""
106-->[com.firebaseui:firebase-ui-auth:6.2.0] AndroidManifest.xml:71:13-29
107            android:theme="@style/FirebaseUI.Transparent"
107-->[com.firebaseui:firebase-ui-auth:6.2.0] AndroidManifest.xml:72:13-58
108            android:windowSoftInputMode="adjustResize" />
108-->[com.firebaseui:firebase-ui-auth:6.2.0] AndroidManifest.xml:73:13-55
109        <activity
109-->[com.firebaseui:firebase-ui-auth:6.2.0] AndroidManifest.xml:74:9-78:58
110            android:name="com.firebase.ui.auth.ui.email.EmailLinkErrorRecoveryActivity"
110-->[com.firebaseui:firebase-ui-auth:6.2.0] AndroidManifest.xml:75:13-88
111            android:exported="false"
111-->[com.firebaseui:firebase-ui-auth:6.2.0] AndroidManifest.xml:76:13-37
112            android:label="@string/fui_sign_in_default"
112-->[com.firebaseui:firebase-ui-auth:6.2.0] AndroidManifest.xml:77:13-56
113            android:windowSoftInputMode="adjustResize" />
113-->[com.firebaseui:firebase-ui-auth:6.2.0] AndroidManifest.xml:78:13-55
114        <activity
114-->[com.firebaseui:firebase-ui-auth:6.2.0] AndroidManifest.xml:79:9-82:65
115            android:name="com.firebase.ui.auth.ui.idp.AuthMethodPickerActivity"
115-->[com.firebaseui:firebase-ui-auth:6.2.0] AndroidManifest.xml:80:13-80
116            android:exported="false"
116-->[com.firebaseui:firebase-ui-auth:6.2.0] AndroidManifest.xml:81:13-37
117            android:label="@string/fui_default_toolbar_title" />
117-->[com.firebaseui:firebase-ui-auth:6.2.0] AndroidManifest.xml:82:13-62
118        <activity
118-->[com.firebaseui:firebase-ui-auth:6.2.0] AndroidManifest.xml:83:9-87:48
119            android:name="com.facebook.FacebookActivity"
119-->[com.firebaseui:firebase-ui-auth:6.2.0] AndroidManifest.xml:84:13-57
120            android:configChanges="keyboard|keyboardHidden|screenLayout|screenSize|orientation"
120-->[com.firebaseui:firebase-ui-auth:6.2.0] AndroidManifest.xml:85:13-96
121            android:label="@string/app_name" />
121-->[com.firebaseui:firebase-ui-auth:6.2.0] AndroidManifest.xml:86:13-45
122        <activity
122-->[com.firebaseui:firebase-ui-auth:6.2.0] AndroidManifest.xml:88:9-100:20
123            android:name="com.facebook.CustomTabActivity"
123-->[com.firebaseui:firebase-ui-auth:6.2.0] AndroidManifest.xml:89:13-58
124            android:exported="true" >
124-->[com.firebaseui:firebase-ui-auth:6.2.0] AndroidManifest.xml:90:13-36
125            <intent-filter>
125-->[com.firebaseui:firebase-ui-auth:6.2.0] AndroidManifest.xml:92:13-99:29
126                <action android:name="android.intent.action.VIEW" />
126-->[com.firebaseui:firebase-ui-auth:6.2.0] AndroidManifest.xml:93:17-69
126-->[com.firebaseui:firebase-ui-auth:6.2.0] AndroidManifest.xml:93:25-66
127
128                <category android:name="android.intent.category.DEFAULT" />
128-->[com.firebaseui:firebase-ui-auth:6.2.0] AndroidManifest.xml:95:17-76
128-->[com.firebaseui:firebase-ui-auth:6.2.0] AndroidManifest.xml:95:27-73
129                <category android:name="android.intent.category.BROWSABLE" />
129-->[com.firebaseui:firebase-ui-auth:6.2.0] AndroidManifest.xml:96:17-78
129-->[com.firebaseui:firebase-ui-auth:6.2.0] AndroidManifest.xml:96:27-75
130
131                <data android:scheme="@string/facebook_login_protocol_scheme" />
131-->[com.firebaseui:firebase-ui-auth:6.2.0] AndroidManifest.xml:98:17-81
131-->[com.firebaseui:firebase-ui-auth:6.2.0] AndroidManifest.xml:98:23-78
132            </intent-filter>
133        </activity>
134
135        <provider
135-->[com.firebaseui:firebase-ui-auth:6.2.0] AndroidManifest.xml:102:9-106:38
136            android:name="com.firebase.ui.auth.data.client.AuthUiInitProvider"
136-->[com.firebaseui:firebase-ui-auth:6.2.0] AndroidManifest.xml:103:13-79
137            android:authorities="com.example.healthproject_beta.authuiinitprovider"
137-->[com.firebaseui:firebase-ui-auth:6.2.0] AndroidManifest.xml:104:13-70
138            android:exported="false"
138-->[com.firebaseui:firebase-ui-auth:6.2.0] AndroidManifest.xml:105:13-37
139            android:initOrder="90" />
139-->[com.firebaseui:firebase-ui-auth:6.2.0] AndroidManifest.xml:106:13-35
140
141        <service
141-->[com.google.firebase:firebase-firestore:21.4.1] AndroidManifest.xml:17:9-23:19
142            android:name="com.google.firebase.components.ComponentDiscoveryService"
142-->[com.google.firebase:firebase-firestore:21.4.1] AndroidManifest.xml:18:13-84
143            android:directBootAware="true"
143-->[com.google.firebase:firebase-common:19.3.0] AndroidManifest.xml:34:13-43
144            android:exported="false" >
144-->[com.google.firebase:firebase-firestore:21.4.1] AndroidManifest.xml:19:13-37
145            <meta-data
145-->[com.google.firebase:firebase-firestore:21.4.1] AndroidManifest.xml:20:13-22:85
146                android:name="com.google.firebase.components:com.google.firebase.firestore.FirestoreRegistrar"
146-->[com.google.firebase:firebase-firestore:21.4.1] AndroidManifest.xml:21:17-111
147                android:value="com.google.firebase.components.ComponentRegistrar" />
147-->[com.google.firebase:firebase-firestore:21.4.1] AndroidManifest.xml:22:17-82
148            <meta-data
148-->[com.google.firebase:firebase-database:19.2.1] AndroidManifest.xml:32:13-34:85
149                android:name="com.google.firebase.components:com.google.firebase.database.DatabaseRegistrar"
149-->[com.google.firebase:firebase-database:19.2.1] AndroidManifest.xml:33:17-109
150                android:value="com.google.firebase.components.ComponentRegistrar" />
150-->[com.google.firebase:firebase-database:19.2.1] AndroidManifest.xml:34:17-82
151            <meta-data
151-->[com.google.firebase:firebase-storage:19.1.1] AndroidManifest.xml:33:13-35:85
152                android:name="com.google.firebase.components:com.google.firebase.storage.StorageRegistrar"
152-->[com.google.firebase:firebase-storage:19.1.1] AndroidManifest.xml:34:17-107
153                android:value="com.google.firebase.components.ComponentRegistrar" />
153-->[com.google.firebase:firebase-storage:19.1.1] AndroidManifest.xml:35:17-82
154            <meta-data
154-->[com.google.firebase:firebase-auth:19.2.0] AndroidManifest.xml:36:13-38:85
155                android:name="com.google.firebase.components:com.google.firebase.auth.FirebaseAuthRegistrar"
155-->[com.google.firebase:firebase-auth:19.2.0] AndroidManifest.xml:37:17-109
156                android:value="com.google.firebase.components.ComponentRegistrar" />
156-->[com.google.firebase:firebase-auth:19.2.0] AndroidManifest.xml:38:17-82
157            <meta-data
157-->[com.google.android.gms:play-services-measurement-api:17.2.3] AndroidManifest.xml:30:13-32:85
158                android:name="com.google.firebase.components:com.google.firebase.analytics.connector.internal.AnalyticsConnectorRegistrar"
158-->[com.google.android.gms:play-services-measurement-api:17.2.3] AndroidManifest.xml:31:17-139
159                android:value="com.google.firebase.components.ComponentRegistrar" />
159-->[com.google.android.gms:play-services-measurement-api:17.2.3] AndroidManifest.xml:32:17-82
160            <meta-data
160-->[com.google.firebase:firebase-iid:20.0.2] AndroidManifest.xml:32:13-34:85
161                android:name="com.google.firebase.components:com.google.firebase.iid.Registrar"
161-->[com.google.firebase:firebase-iid:20.0.2] AndroidManifest.xml:33:17-96
162                android:value="com.google.firebase.components.ComponentRegistrar" />
162-->[com.google.firebase:firebase-iid:20.0.2] AndroidManifest.xml:34:17-82
163        </service>
164
165        <activity
165-->[com.google.firebase:firebase-auth:19.2.0] AndroidManifest.xml:24:9-31:50
166            android:name="com.google.firebase.auth.internal.FederatedSignInActivity"
166-->[com.google.firebase:firebase-auth:19.2.0] AndroidManifest.xml:25:13-85
167            android:excludeFromRecents="true"
167-->[com.google.firebase:firebase-auth:19.2.0] AndroidManifest.xml:26:13-46
168            android:exported="true"
168-->[com.google.firebase:firebase-auth:19.2.0] AndroidManifest.xml:27:13-36
169            android:launchMode="singleTask"
169-->[com.google.firebase:firebase-auth:19.2.0] AndroidManifest.xml:28:13-44
170            android:permission="com.google.firebase.auth.api.gms.permission.LAUNCH_FEDERATED_SIGN_IN"
170-->[com.google.firebase:firebase-auth:19.2.0] AndroidManifest.xml:29:13-102
171            android:theme="@android:style/Theme.Translucent.NoTitleBar" />
171-->[com.google.firebase:firebase-auth:19.2.0] AndroidManifest.xml:30:13-72
172        <activity
172-->[com.google.android.gms:play-services-auth:17.0.0] AndroidManifest.xml:23:9-27:75
173            android:name="com.google.android.gms.auth.api.signin.internal.SignInHubActivity"
173-->[com.google.android.gms:play-services-auth:17.0.0] AndroidManifest.xml:24:13-93
174            android:excludeFromRecents="true"
174-->[com.google.android.gms:play-services-auth:17.0.0] AndroidManifest.xml:25:13-46
175            android:exported="false"
175-->[com.google.android.gms:play-services-auth:17.0.0] AndroidManifest.xml:26:13-37
176            android:theme="@android:style/Theme.Translucent.NoTitleBar" />
176-->[com.google.android.gms:play-services-auth:17.0.0] AndroidManifest.xml:27:13-72
177        <!--
178            Service handling Google Sign-In user revocation. For apps that do not integrate with
179            Google Sign-In, this service will never be started.
180        -->
181        <service
181-->[com.google.android.gms:play-services-auth:17.0.0] AndroidManifest.xml:33:9-36:110
182            android:name="com.google.android.gms.auth.api.signin.RevocationBoundService"
182-->[com.google.android.gms:play-services-auth:17.0.0] AndroidManifest.xml:34:13-89
183            android:exported="true"
183-->[com.google.android.gms:play-services-auth:17.0.0] AndroidManifest.xml:35:13-36
184            android:permission="com.google.android.gms.auth.api.signin.permission.REVOCATION_NOTIFICATION" />
184-->[com.google.android.gms:play-services-auth:17.0.0] AndroidManifest.xml:36:13-107
185
186        <receiver
186-->[com.google.firebase:firebase-iid:20.0.2] AndroidManifest.xml:37:9-44:20
187            android:name="com.google.firebase.iid.FirebaseInstanceIdReceiver"
187-->[com.google.firebase:firebase-iid:20.0.2] AndroidManifest.xml:38:13-78
188            android:exported="true"
188-->[com.google.firebase:firebase-iid:20.0.2] AndroidManifest.xml:39:13-36
189            android:permission="com.google.android.c2dm.permission.SEND" >
189-->[com.google.firebase:firebase-iid:20.0.2] AndroidManifest.xml:40:13-73
190            <intent-filter>
190-->[com.google.firebase:firebase-iid:20.0.2] AndroidManifest.xml:41:13-43:29
191                <action android:name="com.google.android.c2dm.intent.RECEIVE" />
191-->[com.google.firebase:firebase-iid:20.0.2] AndroidManifest.xml:42:17-81
191-->[com.google.firebase:firebase-iid:20.0.2] AndroidManifest.xml:42:25-78
192            </intent-filter>
193        </receiver>
194
195        <activity
195-->[com.google.android.gms:play-services-base:17.1.0] AndroidManifest.xml:23:9-26:75
196            android:name="com.google.android.gms.common.api.GoogleApiActivity"
196-->[com.google.android.gms:play-services-base:17.1.0] AndroidManifest.xml:24:13-79
197            android:exported="false"
197-->[com.google.android.gms:play-services-base:17.1.0] AndroidManifest.xml:25:13-37
198            android:theme="@android:style/Theme.Translucent.NoTitleBar" />
198-->[com.google.android.gms:play-services-base:17.1.0] AndroidManifest.xml:26:13-72
199
200        <provider
200-->[com.google.firebase:firebase-common:19.3.0] AndroidManifest.xml:26:9-30:39
201            android:name="com.google.firebase.provider.FirebaseInitProvider"
201-->[com.google.firebase:firebase-common:19.3.0] AndroidManifest.xml:27:13-77
202            android:authorities="com.example.healthproject_beta.firebaseinitprovider"
202-->[com.google.firebase:firebase-common:19.3.0] AndroidManifest.xml:28:13-72
203            android:exported="false"
203-->[com.google.firebase:firebase-common:19.3.0] AndroidManifest.xml:29:13-37
204            android:initOrder="100" />
204-->[com.google.firebase:firebase-common:19.3.0] AndroidManifest.xml:30:13-36
205
206        <receiver
206-->[com.google.android.gms:play-services-measurement:17.2.3] AndroidManifest.xml:29:9-33:20
207            android:name="com.google.android.gms.measurement.AppMeasurementReceiver"
207-->[com.google.android.gms:play-services-measurement:17.2.3] AndroidManifest.xml:30:13-85
208            android:enabled="true"
208-->[com.google.android.gms:play-services-measurement:17.2.3] AndroidManifest.xml:31:13-35
209            android:exported="false" >
209-->[com.google.android.gms:play-services-measurement:17.2.3] AndroidManifest.xml:32:13-37
210        </receiver>
211        <receiver
211-->[com.google.android.gms:play-services-measurement:17.2.3] AndroidManifest.xml:34:9-42:20
212            android:name="com.google.android.gms.measurement.AppMeasurementInstallReferrerReceiver"
212-->[com.google.android.gms:play-services-measurement:17.2.3] AndroidManifest.xml:35:13-100
213            android:enabled="true"
213-->[com.google.android.gms:play-services-measurement:17.2.3] AndroidManifest.xml:36:13-35
214            android:exported="true"
214-->[com.google.android.gms:play-services-measurement:17.2.3] AndroidManifest.xml:37:13-36
215            android:permission="android.permission.INSTALL_PACKAGES" >
215-->[com.google.android.gms:play-services-measurement:17.2.3] AndroidManifest.xml:38:13-69
216            <intent-filter>
216-->[com.google.android.gms:play-services-measurement:17.2.3] AndroidManifest.xml:39:13-41:29
217                <action android:name="com.android.vending.INSTALL_REFERRER" />
217-->[com.google.android.gms:play-services-measurement:17.2.3] AndroidManifest.xml:40:17-79
217-->[com.google.android.gms:play-services-measurement:17.2.3] AndroidManifest.xml:40:25-76
218            </intent-filter>
219        </receiver>
220
221        <service
221-->[com.google.android.gms:play-services-measurement:17.2.3] AndroidManifest.xml:44:9-47:40
222            android:name="com.google.android.gms.measurement.AppMeasurementService"
222-->[com.google.android.gms:play-services-measurement:17.2.3] AndroidManifest.xml:45:13-84
223            android:enabled="true"
223-->[com.google.android.gms:play-services-measurement:17.2.3] AndroidManifest.xml:46:13-35
224            android:exported="false" />
224-->[com.google.android.gms:play-services-measurement:17.2.3] AndroidManifest.xml:47:13-37
225        <service
225-->[com.google.android.gms:play-services-measurement:17.2.3] AndroidManifest.xml:48:9-52:72
226            android:name="com.google.android.gms.measurement.AppMeasurementJobService"
226-->[com.google.android.gms:play-services-measurement:17.2.3] AndroidManifest.xml:49:13-87
227            android:enabled="true"
227-->[com.google.android.gms:play-services-measurement:17.2.3] AndroidManifest.xml:50:13-35
228            android:exported="false"
228-->[com.google.android.gms:play-services-measurement:17.2.3] AndroidManifest.xml:51:13-37
229            android:permission="android.permission.BIND_JOB_SERVICE" />
229-->[com.google.android.gms:play-services-measurement:17.2.3] AndroidManifest.xml:52:13-69
230
231        <provider
231-->[androidx.lifecycle:lifecycle-process:2.2.0] AndroidManifest.xml:25:9-29:43
232            android:name="androidx.lifecycle.ProcessLifecycleOwnerInitializer"
232-->[androidx.lifecycle:lifecycle-process:2.2.0] AndroidManifest.xml:26:13-79
233            android:authorities="com.example.healthproject_beta.lifecycle-process"
233-->[androidx.lifecycle:lifecycle-process:2.2.0] AndroidManifest.xml:27:13-69
234            android:exported="false"
234-->[androidx.lifecycle:lifecycle-process:2.2.0] AndroidManifest.xml:28:13-37
235            android:multiprocess="true" />
235-->[androidx.lifecycle:lifecycle-process:2.2.0] AndroidManifest.xml:29:13-40
236    </application>
237
238</manifest>